2023-10-02 13:40:12 [scrapy.utils.log] INFO: Scrapy 2.9.0 started (bot: nike)
2023-10-02 13:40:12 [scrapy.utils.log] INFO: Versions: lxml 4.9.1.0, libxml2 2.10.1, cssselect 1.2.0, parsel 1.8.1, w3lib 2.1.1, Twisted 22.10.0, Python 3.7.16 (default, Jan 17 2023, 16:06:28) [MSC v.1916 64 bit (AMD64)], pyOpenSSL 22.0.0 (OpenSSL 1.1.1v  1 Aug 2023), cryptography 37.0.4, Platform Windows-10-10.0.19041-SP0
2023-10-02 13:40:12 [scrapy.crawler] INFO: Overridden settings:
{'BOT_NAME': 'nike',
 'FEED_EXPORT_ENCODING': 'utf-8',
 'LOG_FILE': 'logs\\nike\\men_shoes\\d2a0c298612011ee9299e4a7a0d4cff5.log',
 'NEWSPIDER_MODULE': 'nike.spiders',
 'REQUEST_FINGERPRINTER_IMPLEMENTATION': '2.7',
 'ROBOTSTXT_OBEY': True,
 'SPIDER_MODULES': ['nike.spiders'],
 'TWISTED_REACTOR': 'twisted.internet.asyncioreactor.AsyncioSelectorReactor'}
2023-10-02 13:40:12 [asyncio] DEBUG: Using selector: SelectSelector
2023-10-02 13:40:12 [scrapy.utils.log] DEBUG: Using reactor: twisted.internet.asyncioreactor.AsyncioSelectorReactor
2023-10-02 13:40:12 [scrapy.utils.log] DEBUG: Using asyncio event loop: asyncio.windows_events._WindowsSelectorEventLoop
2023-10-02 13:40:12 [scrapy.extensions.telnet] INFO: Telnet Password: 2da25b1ab01bdda2
2023-10-02 13:40:12 [scrapy.middleware] INFO: Enabled extensions:
['scrapy.extensions.corestats.CoreStats',
 'scrapy.extensions.telnet.TelnetConsole',
 'scrapy.extensions.logstats.LogStats']
2023-10-02 13:40:12 [twisted] CRITICAL: Unhandled error in Deferred:
2023-10-02 13:40:12 [twisted] CRITICAL: 
Traceback (most recent call last):
  File "C:\Users\USER\anaconda3\envs\virtual_space\lib\site-packages\twisted\internet\defer.py", line 1697, in _inlineCallbacks
    result = context.run(gen.send, result)
  File "C:\Users\USER\anaconda3\envs\virtual_space\lib\site-packages\scrapy\crawler.py", line 128, in crawl
    self.spider = self._create_spider(*args, **kwargs)
  File "C:\Users\USER\anaconda3\envs\virtual_space\lib\site-packages\scrapy\crawler.py", line 140, in _create_spider
    return self.spidercls.from_crawler(self, *args, **kwargs)
  File "C:\Users\USER\anaconda3\envs\virtual_space\lib\site-packages\scrapy\spiders\__init__.py", line 53, in from_crawler
    spider = cls(*args, **kwargs)
TypeError: __init__() got an unexpected keyword argument 'color'
